<?xml version="1.0" encoding="UTF-8"?>
<testng-results skipped="0" failed="1" ignored="0" total="2" passed="1">
  <reporter-output>
  </reporter-output>
  <suite name="Default suite" duration-ms="65594" started-at="2020-11-20T03:46:22Z" finished-at="2020-11-20T03:47:27Z">
    <groups>
    </groups>
    <test name="Default test" duration-ms="65594" started-at="2020-11-20T03:46:22Z" finished-at="2020-11-20T03:47:27Z">
      <class name="Demo.bluestack.Test.GameTvTest">
        <test-method status="PASS" signature="start_test_Session()[pri:0, instance:Demo.bluestack.Test.GameTvTest@6d4b1c02]" name="start_test_Session" is-config="true" duration-ms="51" started-at="2020-11-20T03:46:22Z" finished-at="2020-11-20T03:46:22Z">
          <reporter-output>
          </reporter-output>
        </test-method> <!-- start_test_Session -->
        <test-method status="PASS" signature="launchUrl()[pri:1, instance:Demo.bluestack.Test.GameTvTest@6d4b1c02]" name="launchUrl" duration-ms="57405" started-at="2020-11-20T03:46:22Z" finished-at="2020-11-20T03:47:19Z">
          <reporter-output>
          </reporter-output>
        </test-method> <!-- launchUrl -->
        <test-method status="FAIL" signature="fetchTounramentData()[pri:2, instance:Demo.bluestack.Test.GameTvTest@6d4b1c02]" name="fetchTounramentData" duration-ms="8004" started-at="2020-11-20T03:47:19Z" finished-at="2020-11-20T03:47:27Z">
          <exception class="java.lang.NullPointerException">
            <full-stacktrace>
              <![CDATA[java.lang.NullPointerException
at Demo.bluestack.GetPageObject.GetPage.scrollBy(GetPage.java:60)
at Demo.bluestack.Keywords.GameDetailPageAction.getGameData(GameDetailPageAction.java:18)
at Demo.bluestack.Test.GameTvTest.fetchTounramentData(GameTvTest.java:27)
at sun.reflect.NativeMethodAccessorImpl.invoke0(Native Method)
at sun.reflect.NativeMethodAccessorImpl.invoke(NativeMethodAccessorImpl.java:62)
at sun.reflect.DelegatingMethodAccessorImpl.invoke(DelegatingMethodAccessorImpl.java:43)
at java.lang.reflect.Method.invoke(Method.java:498)
at org.testng.internal.MethodInvocationHelper.invokeMethod(MethodInvocationHelper.java:124)
at org.testng.internal.Invoker.invokeMethod(Invoker.java:583)
at org.testng.internal.Invoker.invokeTestMethod(Invoker.java:719)
at org.testng.internal.Invoker.invokeTestMethods(Invoker.java:989)
at org.testng.internal.TestMethodWorker.invokeTestMethods(TestMethodWorker.java:125)
at org.testng.internal.TestMethodWorker.run(TestMethodWorker.java:109)
at org.testng.TestRunner.privateRun(TestRunner.java:648)
at org.testng.TestRunner.run(TestRunner.java:505)
at org.testng.SuiteRunner.runTest(SuiteRunner.java:455)
at org.testng.SuiteRunner.runSequentially(SuiteRunner.java:450)
at org.testng.SuiteRunner.privateRun(SuiteRunner.java:415)
at org.testng.SuiteRunner.run(SuiteRunner.java:364)
at org.testng.SuiteRunnerWorker.runSuite(SuiteRunnerWorker.java:52)
at org.testng.SuiteRunnerWorker.run(SuiteRunnerWorker.java:84)
at org.testng.TestNG.runSuitesSequentially(TestNG.java:1208)
at org.testng.TestNG.runSuitesLocally(TestNG.java:1137)
at org.testng.TestNG.runSuites(TestNG.java:1049)
at org.testng.TestNG.run(TestNG.java:1017)
at org.testng.remote.AbstractRemoteTestNG.run(AbstractRemoteTestNG.java:115)
at org.testng.remote.RemoteTestNG.initAndRun(RemoteTestNG.java:251)
at org.testng.remote.RemoteTestNG.main(RemoteTestNG.java:77)
]]>
            </full-stacktrace>
          </exception> <!-- java.lang.NullPointerException -->
          <reporter-output>
          </reporter-output>
        </test-method> <!-- fetchTounramentData -->
      </class> <!-- Demo.bluestack.Test.GameTvTest -->
    </test> <!-- Default test -->
  </suite> <!-- Default suite -->
</testng-results>
